{"C:\\Users\\14434\\Desktop\\homework\\WebSec\\jsfuzz\\jsfuzz\\examples\\case1-simplified\\fuzz.js":{"path":"C:\\Users\\14434\\Desktop\\homework\\WebSec\\jsfuzz\\jsfuzz\\examples\\case1-simplified\\fuzz.js","statementMap":{"0":{"start":{"line":1,"column":20},"end":{"line":1,"column":52}},"1":{"start":{"line":6,"column":2},"end":{"line":6,"column":47}},"2":{"start":{"line":9,"column":24},"end":{"line":9,"column":52}},"3":{"start":{"line":10,"column":2},"end":{"line":10,"column":31}},"4":{"start":{"line":11,"column":2},"end":{"line":13,"column":3}},"5":{"start":{"line":12,"column":4},"end":{"line":12,"column":49}},"6":{"start":{"line":17,"column":16},"end":{"line":17,"column":35}},"7":{"start":{"line":19,"column":19},"end":{"line":21,"column":3}},"8":{"start":{"line":22,"column":2},"end":{"line":31,"column":3}},"9":{"start":{"line":23,"column":21},"end":{"line":23,"column":44}},"10":{"start":{"line":26,"column":4},"end":{"line":28,"column":3}},"11":{"start":{"line":27,"column":4},"end":{"line":27,"column":66}},"12":{"start":{"line":43,"column":0},"end":{"line":45,"column":2}}},"fnMap":{"0":{"name":"fuzz","decl":{"start":{"line":3,"column":15},"end":{"line":3,"column":19}},"loc":{"start":{"line":3,"column":28},"end":{"line":39,"column":1}},"line":3}},"branchMap":{"0":{"loc":{"start":{"line":26,"column":4},"end":{"line":28,"column":3}},"type":"if","locations":[{"start":{"line":26,"column":4},"end":{"line":28,"column":3}},{"start":{"line":26,"column":4},"end":{"line":28,"column":3}}],"line":26}},"s":{"0":1,"1":11,"2":11,"3":10,"4":10,"5":27,"6":10,"7":10,"8":10,"9":10,"10":9,"11":9,"12":1},"f":{"0":11},"b":{"0":[9,0]},"_coverageSchema":"43e27e138ebf9cfc5966b082cf9a028302ed4184","hash":"9b6426850dfb66a236d6ca7514c1bfaa3442067e"},"C:\\Users\\14434\\Desktop\\homework\\WebSec\\jsfuzz\\jsfuzz\\examples\\case1-simplified\\node_modules\\hogan.js\\lib\\hogan.js":{"path":"C:\\Users\\14434\\Desktop\\homework\\WebSec\\jsfuzz\\jsfuzz\\examples\\case1-simplified\\node_modules\\hogan.js\\lib\\hogan.js","statementMap":{"0":{"start":{"line":18,"column":12},"end":{"line":18,"column":33}},"1":{"start":{"line":19,"column":0},"end":{"line":19,"column":48}},"2":{"start":{"line":20,"column":0},"end":{"line":20,"column":32}},"3":{"start":{"line":21,"column":0},"end":{"line":21,"column":23}}},"fnMap":{},"branchMap":{},"s":{"0":1,"1":1,"2":1,"3":1},"f":{},"b":{},"_coverageSchema":"43e27e138ebf9cfc5966b082cf9a028302ed4184","hash":"fbf99909c82714ce939d99de664199b48f7ad5df"},"C:\\Users\\14434\\Desktop\\homework\\WebSec\\jsfuzz\\jsfuzz\\examples\\case1-simplified\\node_modules\\hogan.js\\lib\\compiler.js":{"path":"C:\\Users\\14434\\Desktop\\homework\\WebSec\\jsfuzz\\jsfuzz\\examples\\case1-simplified\\node_modules\\hogan.js\\lib\\compiler.js","statementMap":{"0":{"start":{"line":16,"column":0},"end":{"line":423,"column":53}},"1":{"start":{"line":19,"column":22},"end":{"line":19,"column":26}},"2":{"start":{"line":20,"column":14},"end":{"line":20,"column":19}},"3":{"start":{"line":21,"column":18},"end":{"line":21,"column":23}},"4":{"start":{"line":22,"column":12},"end":{"line":22,"column":17}},"5":{"start":{"line":23,"column":15},"end":{"line":23,"column":20}},"6":{"start":{"line":24,"column":17},"end":{"line":24,"column":25}},"7":{"start":{"line":25,"column":22},"end":{"line":25,"column":30}},"8":{"start":{"line":27,"column":2},"end":{"line":31,"column":4}},"9":{"start":{"line":33,"column":2},"end":{"line":160,"column":3}},"10":{"start":{"line":34,"column":14},"end":{"line":34,"column":25}},"11":{"start":{"line":35,"column":18},"end":{"line":35,"column":19}},"12":{"start":{"line":36,"column":22},"end":{"line":36,"column":23}},"13":{"start":{"line":37,"column":17},"end":{"line":37,"column":18}},"14":{"start":{"line":38,"column":16},"end":{"line":38,"column":23}},"15":{"start":{"line":39,"column":18},"end":{"line":39,"column":22}},"16":{"start":{"line":40,"column":14},"end":{"line":40,"column":18}},"17":{"start":{"line":41,"column":14},"end":{"line":41,"column":16}},"18":{"start":{"line":42,"column":17},"end":{"line":42,"column":19}},"19":{"start":{"line":43,"column":18},"end":{"line":43,"column":23}},"20":{"start":{"line":44,"column":12},"end":{"line":44,"column":13}},"21":{"start":{"line":45,"column":20},"end":{"line":45,"column":21}},"22":{"start":{"line":46,"column":15},"end":{"line":46,"column":19}},"23":{"start":{"line":47,"column":15},"end":{"line":47,"column":19}},"24":{"start":{"line":50,"column":6},"end":{"line":53,"column":7}},"25":{"start":{"line":51,"column":8},"end":{"line":51,"column":56}},"26":{"start":{"line":52,"column":8},"end":{"line":52,"column":17}},"27":{"start":{"line":57,"column":28},"end":{"line":57,"column":32}},"28":{"start":{"line":58,"column":6},"end":{"line":65,"column":7}},"29":{"start":{"line":58,"column":19},"end":{"line":58,"column":28}},"30":{"start":{"line":59,"column":8},"end":{"line":61,"column":82}},"31":{"start":{"line":62,"column":8},"end":{"line":64,"column":9}},"32":{"start":{"line":63,"column":10},"end":{"line":63,"column":23}},"33":{"start":{"line":67,"column":6},"end":{"line":67,"column":29}},"34":{"start":{"line":71,"column":6},"end":{"line":71,"column":15}},"35":{"start":{"line":73,"column":6},"end":{"line":85,"column":7}},"36":{"start":{"line":74,"column":8},"end":{"line":82,"column":9}},"37":{"start":{"line":74,"column":21},"end":{"line":74,"column":30}},"38":{"start":{"line":75,"column":10},"end":{"line":81,"column":11}},"39":{"start":{"line":76,"column":12},"end":{"line":79,"column":13}},"40":{"start":{"line":78,"column":14},"end":{"line":78,"column":53}},"41":{"start":{"line":80,"column":12},"end":{"line":80,"column":32}},"42":{"start":{"line":83,"column":13},"end":{"line":85,"column":7}},"43":{"start":{"line":84,"column":8},"end":{"line":84,"column":32}},"44":{"start":{"line":87,"column":6},"end":{"line":87,"column":22}},"45":{"start":{"line":88,"column":6},"end":{"line":88,"column":32}},"46":{"start":{"line":92,"column":18},"end":{"line":92,"column":28}},"47":{"start":{"line":93,"column":23},"end":{"line":93,"column":49}},"48":{"start":{"line":94,"column":23},"end":{"line":96,"column":22}},"49":{"start":{"line":98,"column":6},"end":{"line":98,"column":27}},"50":{"start":{"line":99,"column":6},"end":{"line":99,"column":47}},"51":{"start":{"line":101,"column":6},"end":{"line":101,"column":43}},"52":{"start":{"line":104,"column":4},"end":{"line":108,"column":5}},"53":{"start":{"line":105,"column":6},"end":{"line":105,"column":41}},"54":{"start":{"line":106,"column":6},"end":{"line":106,"column":27}},"55":{"start":{"line":107,"column":6},"end":{"line":107,"column":27}},"56":{"start":{"line":110,"column":4},"end":{"line":155,"column":5}},"57":{"start":{"line":111,"column":6},"end":{"line":154,"column":7}},"58":{"start":{"line":112,"column":8},"end":{"line":122,"column":9}},"59":{"start":{"line":113,"column":10},"end":{"line":113,"column":14}},"60":{"start":{"line":114,"column":10},"end":{"line":114,"column":19}},"61":{"start":{"line":115,"column":10},"end":{"line":115,"column":30}},"62":{"start":{"line":117,"column":10},"end":{"line":121,"column":11}},"63":{"start":{"line":118,"column":12},"end":{"line":118,"column":32}},"64":{"start":{"line":120,"column":12},"end":{"line":120,"column":34}},"65":{"start":{"line":123,"column":13},"end":{"line":154,"column":7}},"66":{"start":{"line":124,"column":8},"end":{"line":124,"column":29}},"67":{"start":{"line":125,"column":8},"end":{"line":125,"column":45}},"68":{"start":{"line":126,"column":8},"end":{"line":126,"column":50}},"69":{"start":{"line":127,"column":8},"end":{"line":135,"column":9}},"70":{"start":{"line":128,"column":10},"end":{"line":128,"column":40}},"71":{"start":{"line":129,"column":10},"end":{"line":129,"column":26}},"72":{"start":{"line":131,"column":10},"end":{"line":133,"column":11}},"73":{"start":{"line":132,"column":12},"end":{"line":132,"column":16}},"74":{"start":{"line":134,"column":10},"end":{"line":134,"column":25}},"75":{"start":{"line":136,"column":8},"end":{"line":136,"column":20}},"76":{"start":{"line":138,"column":8},"end":{"line":153,"column":9}},"77":{"start":{"line":139,"column":10},"end":{"line":140,"column":87}},"78":{"start":{"line":141,"column":10},"end":{"line":141,"column":19}},"79":{"start":{"line":142,"column":10},"end":{"line":142,"column":31}},"80":{"start":{"line":143,"column":10},"end":{"line":143,"column":26}},"81":{"start":{"line":144,"column":10},"end":{"line":150,"column":11}},"82":{"start":{"line":145,"column":12},"end":{"line":149,"column":13}},"83":{"start":{"line":146,"column":14},"end":{"line":146,"column":18}},"84":{"start":{"line":148,"column":14},"end":{"line":148,"column":59}},"85":{"start":{"line":152,"column":10},"end":{"line":152,"column":32}},"86":{"start":{"line":157,"column":4},"end":{"line":157,"column":30}},"87":{"start":{"line":159,"column":4},"end":{"line":159,"column":18}},"88":{"start":{"line":163,"column":4},"end":{"line":165,"column":5}},"89":{"start":{"line":164,"column":6},"end":{"line":164,"column":57}},"90":{"start":{"line":169,"column":4},"end":{"line":171,"column":5}},"91":{"start":{"line":170,"column":6},"end":{"line":170,"column":22}},"92":{"start":{"line":173,"column":4},"end":{"line":173,"column":39}},"93":{"start":{"line":177,"column":4},"end":{"line":179,"column":5}},"94":{"start":{"line":178,"column":6},"end":{"line":178,"column":19}},"95":{"start":{"line":181,"column":4},"end":{"line":185,"column":5}},"96":{"start":{"line":181,"column":17},"end":{"line":181,"column":18}},"97":{"start":{"line":181,"column":24},"end":{"line":181,"column":34}},"98":{"start":{"line":182,"column":6},"end":{"line":184,"column":7}},"99":{"start":{"line":183,"column":8},"end":{"line":183,"column":21}},"100":{"start":{"line":187,"column":4},"end":{"line":187,"column":16}},"101":{"start":{"line":191,"column":23},"end":{"line":191,"column":69}},"102":{"start":{"line":194,"column":23},"end":{"line":194,"column":25}},"103":{"start":{"line":195,"column":17},"end":{"line":195,"column":21}},"104":{"start":{"line":196,"column":15},"end":{"line":196,"column":19}},"105":{"start":{"line":197,"column":16},"end":{"line":197,"column":20}},"106":{"start":{"line":199,"column":4},"end":{"line":199,"column":35}},"107":{"start":{"line":201,"column":4},"end":{"line":226,"column":5}},"108":{"start":{"line":202,"column":6},"end":{"line":202,"column":29}},"109":{"start":{"line":204,"column":6},"end":{"line":206,"column":7}},"110":{"start":{"line":205,"column":8},"end":{"line":205,"column":59}},"111":{"start":{"line":208,"column":6},"end":{"line":223,"column":7}},"112":{"start":{"line":209,"column":8},"end":{"line":209,"column":26}},"113":{"start":{"line":210,"column":8},"end":{"line":210,"column":70}},"114":{"start":{"line":211,"column":13},"end":{"line":223,"column":7}},"115":{"start":{"line":212,"column":8},"end":{"line":214,"column":9}},"116":{"start":{"line":213,"column":10},"end":{"line":213,"column":69}},"117":{"start":{"line":215,"column":8},"end":{"line":215,"column":29}},"118":{"start":{"line":216,"column":8},"end":{"line":218,"column":9}},"119":{"start":{"line":217,"column":10},"end":{"line":217,"column":76}},"120":{"start":{"line":219,"column":8},"end":{"line":219,"column":29}},"121":{"start":{"line":220,"column":8},"end":{"line":220,"column":28}},"122":{"start":{"line":221,"column":13},"end":{"line":223,"column":7}},"123":{"start":{"line":222,"column":8},"end":{"line":222,"column":69}},"124":{"start":{"line":225,"column":6},"end":{"line":225,"column":31}},"125":{"start":{"line":228,"column":4},"end":{"line":230,"column":5}},"126":{"start":{"line":229,"column":6},"end":{"line":229,"column":63}},"127":{"start":{"line":232,"column":4},"end":{"line":232,"column":24}},"128":{"start":{"line":236,"column":4},"end":{"line":241,"column":5}},"129":{"start":{"line":236,"column":17},"end":{"line":236,"column":18}},"130":{"start":{"line":236,"column":24},"end":{"line":236,"column":35}},"131":{"start":{"line":237,"column":6},"end":{"line":240,"column":7}},"132":{"start":{"line":238,"column":8},"end":{"line":238,"column":24}},"133":{"start":{"line":239,"column":8},"end":{"line":239,"column":20}},"134":{"start":{"line":245,"column":4},"end":{"line":249,"column":5}},"135":{"start":{"line":245,"column":17},"end":{"line":245,"column":18}},"136":{"start":{"line":245,"column":24},"end":{"line":245,"column":35}},"137":{"start":{"line":246,"column":6},"end":{"line":248,"column":7}},"138":{"start":{"line":247,"column":8},"end":{"line":247,"column":20}},"139":{"start":{"line":253,"column":16},"end":{"line":253,"column":18}},"140":{"start":{"line":254,"column":4},"end":{"line":256,"column":5}},"141":{"start":{"line":255,"column":6},"end":{"line":255,"column":77}},"142":{"start":{"line":257,"column":4},"end":{"line":257,"column":41}},"143":{"start":{"line":261,"column":19},"end":{"line":261,"column":21}},"144":{"start":{"line":262,"column":4},"end":{"line":264,"column":5}},"145":{"start":{"line":263,"column":6},"end":{"line":263,"column":141}},"146":{"start":{"line":265,"column":4},"end":{"line":265,"column":99}},"147":{"start":{"line":268,"column":2},"end":{"line":270,"column":3}},"148":{"start":{"line":269,"column":4},"end":{"line":269,"column":115}},"149":{"start":{"line":272,"column":17},"end":{"line":272,"column":18}},"150":{"start":{"line":273,"column":2},"end":{"line":283,"column":3}},"151":{"start":{"line":274,"column":4},"end":{"line":274,"column":17}},"152":{"start":{"line":275,"column":18},"end":{"line":275,"column":54}},"153":{"start":{"line":276,"column":4},"end":{"line":276,"column":30}},"154":{"start":{"line":278,"column":4},"end":{"line":280,"column":5}},"155":{"start":{"line":279,"column":6},"end":{"line":279,"column":52}},"156":{"start":{"line":282,"column":4},"end":{"line":282,"column":53}},"157":{"start":{"line":285,"column":2},"end":{"line":287,"column":3}},"158":{"start":{"line":286,"column":4},"end":{"line":286,"column":64}},"159":{"start":{"line":289,"column":2},"end":{"line":289,"column":34}},"160":{"start":{"line":291,"column":2},"end":{"line":295,"column":3}},"161":{"start":{"line":292,"column":19},"end":{"line":292,"column":45}},"162":{"start":{"line":293,"column":4},"end":{"line":293,"column":77}},"163":{"start":{"line":294,"column":4},"end":{"line":294,"column":60}},"164":{"start":{"line":297,"column":2},"end":{"line":306,"column":3}},"165":{"start":{"line":298,"column":24},"end":{"line":298,"column":82}},"166":{"start":{"line":299,"column":4},"end":{"line":301,"column":5}},"167":{"start":{"line":300,"column":6},"end":{"line":300,"column":73}},"168":{"start":{"line":302,"column":4},"end":{"line":304,"column":5}},"169":{"start":{"line":303,"column":6},"end":{"line":303,"column":79}},"170":{"start":{"line":305,"column":4},"end":{"line":305,"column":20}},"171":{"start":{"line":309,"column":4},"end":{"line":314,"column":47}},"172":{"start":{"line":318,"column":4},"end":{"line":318,"column":41}},"173":{"start":{"line":322,"column":17},"end":{"line":322,"column":45}},"174":{"start":{"line":323,"column":14},"end":{"line":323,"column":42}},"175":{"start":{"line":324,"column":4},"end":{"line":324,"column":57}},"176":{"start":{"line":325,"column":4},"end":{"line":325,"column":88}},"177":{"start":{"line":326,"column":4},"end":{"line":326,"column":15}},"178":{"start":{"line":329,"column":2},"end":{"line":377,"column":3}},"179":{"start":{"line":331,"column":6},"end":{"line":333,"column":55}},"180":{"start":{"line":334,"column":6},"end":{"line":334,"column":38}},"181":{"start":{"line":335,"column":6},"end":{"line":335,"column":37}},"182":{"start":{"line":339,"column":6},"end":{"line":339,"column":108}},"183":{"start":{"line":340,"column":6},"end":{"line":340,"column":38}},"184":{"start":{"line":341,"column":6},"end":{"line":341,"column":27}},"185":{"start":{"line":346,"column":16},"end":{"line":346,"column":67}},"186":{"start":{"line":347,"column":6},"end":{"line":347,"column":34}},"187":{"start":{"line":348,"column":21},"end":{"line":348,"column":67}},"188":{"start":{"line":349,"column":6},"end":{"line":349,"column":31}},"189":{"start":{"line":350,"column":6},"end":{"line":350,"column":39}},"190":{"start":{"line":354,"column":16},"end":{"line":354,"column":80}},"191":{"start":{"line":355,"column":6},"end":{"line":355,"column":34}},"192":{"start":{"line":356,"column":6},"end":{"line":356,"column":38}},"193":{"start":{"line":357,"column":6},"end":{"line":359,"column":7}},"194":{"start":{"line":358,"column":8},"end":{"line":358,"column":62}},"195":{"start":{"line":363,"column":6},"end":{"line":363,"column":65}},"196":{"start":{"line":367,"column":6},"end":{"line":367,"column":95}},"197":{"start":{"line":371,"column":6},"end":{"line":371,"column":56}},"198":{"start":{"line":380,"column":4},"end":{"line":380,"column":93}},"199":{"start":{"line":384,"column":4},"end":{"line":384,"column":29}},"200":{"start":{"line":387,"column":2},"end":{"line":394,"column":3}},"201":{"start":{"line":389,"column":4},"end":{"line":392,"column":5}},"202":{"start":{"line":389,"column":17},"end":{"line":389,"column":18}},"203":{"start":{"line":389,"column":24},"end":{"line":389,"column":39}},"204":{"start":{"line":390,"column":6},"end":{"line":390,"column":44}},"205":{"start":{"line":391,"column":6},"end":{"line":391,"column":41}},"206":{"start":{"line":393,"column":4},"end":{"line":393,"column":19}},"207":{"start":{"line":396,"column":2},"end":{"line":399,"column":3}},"208":{"start":{"line":397,"column":4},"end":{"line":397,"column":28}},"209":{"start":{"line":398,"column":4},"end":{"line":398,"column":64}},"210":{"start":{"line":401,"column":2},"end":{"line":401,"column":19}},"211":{"start":{"line":403,"column":2},"end":{"line":405,"column":3}},"212":{"start":{"line":404,"column":4},"end":{"line":404,"column":114}},"213":{"start":{"line":407,"column":2},"end":{"line":422,"column":3}},"214":{"start":{"line":408,"column":4},"end":{"line":408,"column":28}},"215":{"start":{"line":409,"column":14},"end":{"line":409,"column":43}},"216":{"start":{"line":410,"column":19},"end":{"line":410,"column":34}},"217":{"start":{"line":412,"column":4},"end":{"line":418,"column":5}},"218":{"start":{"line":413,"column":21},"end":{"line":413,"column":38}},"219":{"start":{"line":414,"column":6},"end":{"line":416,"column":7}},"220":{"start":{"line":415,"column":8},"end":{"line":415,"column":39}},"221":{"start":{"line":417,"column":6},"end":{"line":417,"column":22}},"222":{"start":{"line":420,"column":4},"end":{"line":420,"column":108}},"223":{"start":{"line":421,"column":4},"end":{"line":421,"column":38}}},"fnMap":{"0":{"name":"(anonymous_0)","decl":{"start":{"line":16,"column":1},"end":{"line":16,"column":2}},"loc":{"start":{"line":16,"column":18},"end":{"line":423,"column":1}},"line":16},"1":{"name":"scan","decl":{"start":{"line":33,"column":24},"end":{"line":33,"column":28}},"loc":{"start":{"line":33,"column":47},"end":{"line":160,"column":3}},"line":33},"2":{"name":"addBuf","decl":{"start":{"line":49,"column":13},"end":{"line":49,"column":19}},"loc":{"start":{"line":49,"column":22},"end":{"line":54,"column":5}},"line":49},"3":{"name":"lineIsWhitespace","decl":{"start":{"line":56,"column":13},"end":{"line":56,"column":29}},"loc":{"start":{"line":56,"column":32},"end":{"line":68,"column":5}},"line":56},"4":{"name":"filterLine","decl":{"start":{"line":70,"column":13},"end":{"line":70,"column":23}},"loc":{"start":{"line":70,"column":48},"end":{"line":89,"column":5}},"line":70},"5":{"name":"changeDelimiters","decl":{"start":{"line":91,"column":13},"end":{"line":91,"column":29}},"loc":{"start":{"line":91,"column":43},"end":{"line":102,"column":5}},"line":91},"6":{"name":"cleanTripleStache","decl":{"start":{"line":162,"column":11},"end":{"line":162,"column":28}},"loc":{"start":{"line":162,"column":36},"end":{"line":166,"column":3}},"line":162},"7":{"name":"trim","decl":{"start":{"line":168,"column":11},"end":{"line":168,"column":15}},"loc":{"start":{"line":168,"column":19},"end":{"line":174,"column":3}},"line":168},"8":{"name":"tagChange","decl":{"start":{"line":176,"column":11},"end":{"line":176,"column":20}},"loc":{"start":{"line":176,"column":39},"end":{"line":188,"column":3}},"line":176},"9":{"name":"buildTree","decl":{"start":{"line":193,"column":11},"end":{"line":193,"column":20}},"loc":{"start":{"line":193,"column":54},"end":{"line":233,"column":3}},"line":193},"10":{"name":"isOpener","decl":{"start":{"line":235,"column":11},"end":{"line":235,"column":19}},"loc":{"start":{"line":235,"column":33},"end":{"line":242,"column":3}},"line":235},"11":{"name":"isCloser","decl":{"start":{"line":244,"column":11},"end":{"line":244,"column":19}},"loc":{"start":{"line":244,"column":39},"end":{"line":250,"column":3}},"line":244},"12":{"name":"stringifySubstitutions","decl":{"start":{"line":252,"column":11},"end":{"line":252,"column":33}},"loc":{"start":{"line":252,"column":39},"end":{"line":258,"column":3}},"line":252},"13":{"name":"stringifyPartials","decl":{"start":{"line":260,"column":11},"end":{"line":260,"column":28}},"loc":{"start":{"line":260,"column":38},"end":{"line":266,"column":3}},"line":260},"14":{"name":"(anonymous_14)","decl":{"start":{"line":268,"column":20},"end":{"line":268,"column":21}},"loc":{"start":{"line":268,"column":53},"end":{"line":270,"column":3}},"line":268},"15":{"name":"(anonymous_15)","decl":{"start":{"line":273,"column":19},"end":{"line":273,"column":20}},"loc":{"start":{"line":273,"column":49},"end":{"line":283,"column":3}},"line":273},"16":{"name":"(anonymous_16)","decl":{"start":{"line":285,"column":19},"end":{"line":285,"column":20}},"loc":{"start":{"line":285,"column":34},"end":{"line":287,"column":3}},"line":285},"17":{"name":"(anonymous_17)","decl":{"start":{"line":291,"column":23},"end":{"line":291,"column":24}},"loc":{"start":{"line":291,"column":56},"end":{"line":295,"column":3}},"line":291},"18":{"name":"(anonymous_18)","decl":{"start":{"line":297,"column":23},"end":{"line":297,"column":24}},"loc":{"start":{"line":297,"column":41},"end":{"line":306,"column":3}},"line":297},"19":{"name":"esc","decl":{"start":{"line":308,"column":11},"end":{"line":308,"column":14}},"loc":{"start":{"line":308,"column":18},"end":{"line":315,"column":3}},"line":308},"20":{"name":"chooseMethod","decl":{"start":{"line":317,"column":11},"end":{"line":317,"column":23}},"loc":{"start":{"line":317,"column":27},"end":{"line":319,"column":3}},"line":317},"21":{"name":"createPartial","decl":{"start":{"line":321,"column":11},"end":{"line":321,"column":24}},"loc":{"start":{"line":321,"column":40},"end":{"line":327,"column":3}},"line":321},"22":{"name":"(anonymous_22)","decl":{"start":{"line":330,"column":9},"end":{"line":330,"column":10}},"loc":{"start":{"line":330,"column":33},"end":{"line":336,"column":5}},"line":330},"23":{"name":"(anonymous_23)","decl":{"start":{"line":338,"column":9},"end":{"line":338,"column":10}},"loc":{"start":{"line":338,"column":33},"end":{"line":342,"column":5}},"line":338},"24":{"name":"(anonymous_24)","decl":{"start":{"line":345,"column":9},"end":{"line":345,"column":10}},"loc":{"start":{"line":345,"column":33},"end":{"line":351,"column":5}},"line":345},"25":{"name":"(anonymous_25)","decl":{"start":{"line":353,"column":9},"end":{"line":353,"column":10}},"loc":{"start":{"line":353,"column":33},"end":{"line":360,"column":5}},"line":353},"26":{"name":"(anonymous_26)","decl":{"start":{"line":362,"column":10},"end":{"line":362,"column":11}},"loc":{"start":{"line":362,"column":34},"end":{"line":364,"column":5}},"line":362},"27":{"name":"(anonymous_27)","decl":{"start":{"line":366,"column":10},"end":{"line":366,"column":11}},"loc":{"start":{"line":366,"column":34},"end":{"line":368,"column":5}},"line":366},"28":{"name":"(anonymous_28)","decl":{"start":{"line":370,"column":10},"end":{"line":370,"column":11}},"loc":{"start":{"line":370,"column":34},"end":{"line":372,"column":5}},"line":370},"29":{"name":"tripleStache","decl":{"start":{"line":379,"column":11},"end":{"line":379,"column":23}},"loc":{"start":{"line":379,"column":39},"end":{"line":381,"column":3}},"line":379},"30":{"name":"write","decl":{"start":{"line":383,"column":11},"end":{"line":383,"column":16}},"loc":{"start":{"line":383,"column":20},"end":{"line":385,"column":3}},"line":383},"31":{"name":"(anonymous_31)","decl":{"start":{"line":387,"column":15},"end":{"line":387,"column":16}},"loc":{"start":{"line":387,"column":43},"end":{"line":394,"column":3}},"line":387},"32":{"name":"(anonymous_32)","decl":{"start":{"line":396,"column":16},"end":{"line":396,"column":17}},"loc":{"start":{"line":396,"column":48},"end":{"line":399,"column":3}},"line":396},"33":{"name":"(anonymous_33)","decl":{"start":{"line":403,"column":19},"end":{"line":403,"column":20}},"loc":{"start":{"line":403,"column":43},"end":{"line":405,"column":3}},"line":403},"34":{"name":"(anonymous_34)","decl":{"start":{"line":407,"column":18},"end":{"line":407,"column":19}},"loc":{"start":{"line":407,"column":42},"end":{"line":422,"column":3}},"line":407}},"branchMap":{"0":{"loc":{"start":{"line":50,"column":6},"end":{"line":53,"column":7}},"type":"if","locations":[{"start":{"line":50,"column":6},"end":{"line":53,"column":7}},{"start":{"line":50,"column":6},"end":{"line":53,"column":7}}],"line":50},"1":{"loc":{"start":{"line":60,"column":10},"end":{"line":61,"column":81}},"type":"binary-expr","locations":[{"start":{"line":60,"column":11},"end":{"line":60,"column":55}},{"start":{"line":61,"column":11},"end":{"line":61,"column":32}},{"start":{"line":61,"column":36},"end":{"line":61,"column":80}}],"line":60},"2":{"loc":{"start":{"line":62,"column":8},"end":{"line":64,"column":9}},"type":"if","locations":[{"start":{"line":62,"column":8},"end":{"line":64,"column":9}},{"start":{"line":62,"column":8},"end":{"line":64,"column":9}}],"line":62},"3":{"loc":{"start":{"line":73,"column":6},"end":{"line":85,"column":7}},"type":"if","locations":[{"start":{"line":73,"column":6},"end":{"line":85,"column":7}},{"start":{"line":73,"column":6},"end":{"line":85,"column":7}}],"line":73},"4":{"loc":{"start":{"line":73,"column":10},"end":{"line":73,"column":43}},"type":"binary-expr","locations":[{"start":{"line":73,"column":10},"end":{"line":73,"column":21}},{"start":{"line":73,"column":25},"end":{"line":73,"column":43}}],"line":73},"5":{"loc":{"start":{"line":75,"column":10},"end":{"line":81,"column":11}},"type":"if","locations":[{"start":{"line":75,"column":10},"end":{"line":81,"column":11}},{"start":{"line":75,"column":10},"end":{"line":81,"column":11}}],"line":75},"6":{"loc":{"start":{"line":76,"column":12},"end":{"line":79,"column":13}},"type":"if","locations":[{"start":{"line":76,"column":12},"end":{"line":79,"column":13}},{"start":{"line":76,"column":12},"end":{"line":79,"column":13}}],"line":76},"7":{"loc":{"start":{"line":76,"column":16},"end":{"line":76,"column":55}},"type":"binary-expr","locations":[{"start":{"line":76,"column":17},"end":{"line":76,"column":35}},{"start":{"line":76,"column":40},"end":{"line":76,"column":55}}],"line":76},"8":{"loc":{"start":{"line":83,"column":13},"end":{"line":85,"column":7}},"type":"if","locations":[{"start":{"line":83,"column":13},"end":{"line":85,"column":7}},{"start":{"line":83,"column":13},"end":{"line":85,"column":7}}],"line":83},"9":{"loc":{"start":{"line":104,"column":4},"end":{"line":108,"column":5}},"type":"if","locations":[{"start":{"line":104,"column":4},"end":{"line":108,"column":5}},{"start":{"line":104,"column":4},"end":{"line":108,"column":5}}],"line":104},"10":{"loc":{"start":{"line":111,"column":6},"end":{"line":154,"column":7}},"type":"if","locations":[{"start":{"line":111,"column":6},"end":{"line":154,"column":7}},{"start":{"line":111,"column":6},"end":{"line":154,"column":7}}],"line":111},"11":{"loc":{"start":{"line":112,"column":8},"end":{"line":122,"column":9}},"type":"if","locations":[{"start":{"line":112,"column":8},"end":{"line":122,"column":9}},{"start":{"line":112,"column":8},"end":{"line":122,"column":9}}],"line":112},"12":{"loc":{"start":{"line":117,"column":10},"end":{"line":121,"column":11}},"type":"if","locations":[{"start":{"line":117,"column":10},"end":{"line":121,"column":11}},{"start":{"line":117,"column":10},"end":{"line":121,"column":11}}],"line":117},"13":{"loc":{"start":{"line":123,"column":13},"end":{"line":154,"column":7}},"type":"if","locations":[{"start":{"line":123,"column":13},"end":{"line":154,"column":7}},{"start":{"line":123,"column":13},"end":{"line":154,"column":7}}],"line":123},"14":{"loc":{"start":{"line":126,"column":18},"end":{"line":126,"column":49}},"type":"cond-expr","locations":[{"start":{"line":126,"column":24},"end":{"line":126,"column":42}},{"start":{"line":126,"column":45},"end":{"line":126,"column":49}}],"line":126},"15":{"loc":{"start":{"line":127,"column":8},"end":{"line":135,"column":9}},"type":"if","locations":[{"start":{"line":127,"column":8},"end":{"line":135,"column":9}},{"start":{"line":127,"column":8},"end":{"line":135,"column":9}}],"line":127},"16":{"loc":{"start":{"line":131,"column":10},"end":{"line":133,"column":11}},"type":"if","locations":[{"start":{"line":131,"column":10},"end":{"line":133,"column":11}},{"start":{"line":131,"column":10},"end":{"line":133,"column":11}}],"line":131},"17":{"loc":{"start":{"line":138,"column":8},"end":{"line":153,"column":9}},"type":"if","locations":[{"start":{"line":138,"column":8},"end":{"line":153,"column":9}},{"start":{"line":138,"column":8},"end":{"line":153,"column":9}}],"line":138},"18":{"loc":{"start":{"line":140,"column":26},"end":{"line":140,"column":84}},"type":"cond-expr","locations":[{"start":{"line":140,"column":45},"end":{"line":140,"column":66}},{"start":{"line":140,"column":69},"end":{"line":140,"column":84}}],"line":140},"19":{"loc":{"start":{"line":144,"column":10},"end":{"line":150,"column":11}},"type":"if","locations":[{"start":{"line":144,"column":10},"end":{"line":150,"column":11}},{"start":{"line":144,"column":10},"end":{"line":150,"column":11}}],"line":144},"20":{"loc":{"start":{"line":145,"column":12},"end":{"line":149,"column":13}},"type":"if","locations":[{"start":{"line":145,"column":12},"end":{"line":149,"column":13}},{"start":{"line":145,"column":12},"end":{"line":149,"column":13}}],"line":145},"21":{"loc":{"start":{"line":163,"column":4},"end":{"line":165,"column":5}},"type":"if","locations":[{"start":{"line":163,"column":4},"end":{"line":165,"column":5}},{"start":{"line":163,"column":4},"end":{"line":165,"column":5}}],"line":163},"22":{"loc":{"start":{"line":169,"column":4},"end":{"line":171,"column":5}},"type":"if","locations":[{"start":{"line":169,"column":4},"end":{"line":171,"column":5}},{"start":{"line":169,"column":4},"end":{"line":171,"column":5}}],"line":169},"23":{"loc":{"start":{"line":177,"column":4},"end":{"line":179,"column":5}},"type":"if","locations":[{"start":{"line":177,"column":4},"end":{"line":179,"column":5}},{"start":{"line":177,"column":4},"end":{"line":179,"column":5}}],"line":177},"24":{"loc":{"start":{"line":182,"column":6},"end":{"line":184,"column":7}},"type":"if","locations":[{"start":{"line":182,"column":6},"end":{"line":184,"column":7}},{"start":{"line":182,"column":6},"end":{"line":184,"column":7}}],"line":182},"25":{"loc":{"start":{"line":204,"column":6},"end":{"line":206,"column":7}},"type":"if","locations":[{"start":{"line":204,"column":6},"end":{"line":206,"column":7}},{"start":{"line":204,"column":6},"end":{"line":206,"column":7}}],"line":204},"26":{"loc":{"start":{"line":204,"column":10},"end":{"line":204,"column":67}},"type":"binary-expr","locations":[{"start":{"line":204,"column":10},"end":{"line":204,"column":14}},{"start":{"line":204,"column":18},"end":{"line":204,"column":33}},{"start":{"line":204,"column":37},"end":{"line":204,"column":67}}],"line":204},"27":{"loc":{"start":{"line":208,"column":6},"end":{"line":223,"column":7}},"type":"if","locations":[{"start":{"line":208,"column":6},"end":{"line":223,"column":7}},{"start":{"line":208,"column":6},"end":{"line":223,"column":7}}],"line":208},"28":{"loc":{"start":{"line":208,"column":10},"end":{"line":208,"column":81}},"type":"binary-expr","locations":[{"start":{"line":208,"column":10},"end":{"line":208,"column":50}},{"start":{"line":208,"column":54},"end":{"line":208,"column":81}}],"line":208},"29":{"loc":{"start":{"line":211,"column":13},"end":{"line":223,"column":7}},"type":"if","locations":[{"start":{"line":211,"column":13},"end":{"line":223,"column":7}},{"start":{"line":211,"column":13},"end":{"line":223,"column":7}}],"line":211},"30":{"loc":{"start":{"line":212,"column":8},"end":{"line":214,"column":9}},"type":"if","locations":[{"start":{"line":212,"column":8},"end":{"line":214,"column":9}},{"start":{"line":212,"column":8},"end":{"line":214,"column":9}}],"line":212},"31":{"loc":{"start":{"line":216,"column":8},"end":{"line":218,"column":9}},"type":"if","locations":[{"start":{"line":216,"column":8},"end":{"line":218,"column":9}},{"start":{"line":216,"column":8},"end":{"line":218,"column":9}}],"line":216},"32":{"loc":{"start":{"line":216,"column":12},"end":{"line":216,"column":75}},"type":"binary-expr","locations":[{"start":{"line":216,"column":12},"end":{"line":216,"column":31}},{"start":{"line":216,"column":35},"end":{"line":216,"column":75}}],"line":216},"33":{"loc":{"start":{"line":221,"column":13},"end":{"line":223,"column":7}},"type":"if","locations":[{"start":{"line":221,"column":13},"end":{"line":223,"column":7}},{"start":{"line":221,"column":13},"end":{"line":223,"column":7}}],"line":221},"34":{"loc":{"start":{"line":222,"column":21},"end":{"line":222,"column":68}},"type":"binary-expr","locations":[{"start":{"line":222,"column":22},"end":{"line":222,"column":40}},{"start":{"line":222,"column":46},"end":{"line":222,"column":67}}],"line":222},"35":{"loc":{"start":{"line":228,"column":4},"end":{"line":230,"column":5}},"type":"if","locations":[{"start":{"line":228,"column":4},"end":{"line":230,"column":5}},{"start":{"line":228,"column":4},"end":{"line":230,"column":5}}],"line":228},"36":{"loc":{"start":{"line":237,"column":6},"end":{"line":240,"column":7}},"type":"if","locations":[{"start":{"line":237,"column":6},"end":{"line":240,"column":7}},{"start":{"line":237,"column":6},"end":{"line":240,"column":7}}],"line":237},"37":{"loc":{"start":{"line":246,"column":6},"end":{"line":248,"column":7}},"type":"if","locations":[{"start":{"line":246,"column":6},"end":{"line":248,"column":7}},{"start":{"line":246,"column":6},"end":{"line":248,"column":7}}],"line":246},"38":{"loc":{"start":{"line":246,"column":10},"end":{"line":246,"column":49}},"type":"binary-expr","locations":[{"start":{"line":246,"column":10},"end":{"line":246,"column":28}},{"start":{"line":246,"column":32},"end":{"line":246,"column":49}}],"line":246},"39":{"loc":{"start":{"line":278,"column":4},"end":{"line":280,"column":5}},"type":"if","locations":[{"start":{"line":278,"column":4},"end":{"line":280,"column":5}},{"start":{"line":278,"column":4},"end":{"line":280,"column":5}}],"line":278},"40":{"loc":{"start":{"line":318,"column":11},"end":{"line":318,"column":40}},"type":"cond-expr","locations":[{"start":{"line":318,"column":31},"end":{"line":318,"column":34}},{"start":{"line":318,"column":37},"end":{"line":318,"column":40}}],"line":318},"41":{"loc":{"start":{"line":322,"column":24},"end":{"line":322,"column":44}},"type":"binary-expr","locations":[{"start":{"line":322,"column":24},"end":{"line":322,"column":38}},{"start":{"line":322,"column":42},"end":{"line":322,"column":44}}],"line":322},"42":{"loc":{"start":{"line":325,"column":60},"end":{"line":325,"column":77}},"type":"binary-expr","locations":[{"start":{"line":325,"column":60},"end":{"line":325,"column":71}},{"start":{"line":325,"column":75},"end":{"line":325,"column":77}}],"line":325},"43":{"loc":{"start":{"line":357,"column":6},"end":{"line":359,"column":7}},"type":"if","locations":[{"start":{"line":357,"column":6},"end":{"line":359,"column":7}},{"start":{"line":357,"column":6},"end":{"line":359,"column":7}}],"line":357},"44":{"loc":{"start":{"line":363,"column":39},"end":{"line":363,"column":62}},"type":"cond-expr","locations":[{"start":{"line":363,"column":51},"end":{"line":363,"column":53}},{"start":{"line":363,"column":56},"end":{"line":363,"column":62}}],"line":363},"45":{"loc":{"start":{"line":391,"column":6},"end":{"line":391,"column":40}},"type":"binary-expr","locations":[{"start":{"line":391,"column":6},"end":{"line":391,"column":10}},{"start":{"line":391,"column":14},"end":{"line":391,"column":40}}],"line":391},"46":{"loc":{"start":{"line":397,"column":14},"end":{"line":397,"column":27}},"type":"binary-expr","locations":[{"start":{"line":397,"column":14},"end":{"line":397,"column":21}},{"start":{"line":397,"column":25},"end":{"line":397,"column":27}}],"line":397},"47":{"loc":{"start":{"line":398,"column":37},"end":{"line":398,"column":62}},"type":"binary-expr","locations":[{"start":{"line":398,"column":37},"end":{"line":398,"column":56}},{"start":{"line":398,"column":60},"end":{"line":398,"column":62}}],"line":398},"48":{"loc":{"start":{"line":408,"column":14},"end":{"line":408,"column":27}},"type":"binary-expr","locations":[{"start":{"line":408,"column":14},"end":{"line":408,"column":21}},{"start":{"line":408,"column":25},"end":{"line":408,"column":27}}],"line":408},"49":{"loc":{"start":{"line":412,"column":4},"end":{"line":418,"column":5}},"type":"if","locations":[{"start":{"line":412,"column":4},"end":{"line":418,"column":5}},{"start":{"line":412,"column":4},"end":{"line":418,"column":5}}],"line":412},"50":{"loc":{"start":{"line":423,"column":3},"end":{"line":423,"column":51}},"type":"cond-expr","locations":[{"start":{"line":423,"column":36},"end":{"line":423,"column":43}},{"start":{"line":423,"column":46},"end":{"line":423,"column":51}}],"line":423}},"s":{"0":1,"1":1,"2":1,"3":1,"4":1,"5":1,"6":1,"7":1,"8":1,"9":1,"10":2,"11":2,"12":2,"13":2,"14":2,"15":2,"16":2,"17":2,"18":2,"19":2,"20":2,"21":2,"22":2,"23":2,"24":6,"25":4,"26":4,"27":0,"28":0,"29":0,"30":0,"31":0,"32":0,"33":0,"34":6,"35":6,"36":0,"37":0,"38":0,"39":0,"40":0,"41":0,"42":6,"43":4,"44":6,"45":6,"46":0,"47":0,"48":0,"49":0,"50":0,"51":0,"52":2,"53":0,"54":0,"55":0,"56":2,"57":46,"58":46,"59":0,"60":0,"61":0,"62":46,"63":4,"64":42,"65":0,"66":0,"67":0,"68":0,"69":0,"70":0,"71":0,"72":0,"73":0,"74":0,"75":0,"76":0,"77":0,"78":0,"79":0,"80":0,"81":0,"82":0,"83":0,"84":0,"85":0,"86":2,"87":2,"88":0,"89":0,"90":0,"91":0,"92":0,"93":46,"94":46,"95":0,"96":0,"97":0,"98":0,"99":0,"100":0,"101":1,"102":2,"103":2,"104":2,"105":2,"106":2,"107":2,"108":8,"109":8,"110":0,"111":8,"112":0,"113":0,"114":8,"115":0,"116":0,"117":0,"118":0,"119":0,"120":0,"121":0,"122":8,"123":4,"124":8,"125":2,"126":0,"127":2,"128":8,"129":8,"130":8,"131":0,"132":0,"133":0,"134":0,"135":0,"136":0,"137":0,"138":0,"139":3,"140":3,"141":2,"142":3,"143":4,"144":4,"145":3,"146":3,"147":1,"148":2,"149":1,"150":1,"151":2,"152":2,"153":2,"154":2,"155":2,"156":0,"157":1,"158":2,"159":1,"160":1,"161":0,"162":0,"163":0,"164":1,"165":0,"166":0,"167":0,"168":0,"169":0,"170":0,"171":12,"172":0,"173":0,"174":0,"175":0,"176":0,"177":0,"178":1,"179":0,"180":0,"181":0,"182":0,"183":0,"184":0,"185":0,"186":0,"187":0,"188":0,"189":0,"190":0,"191":0,"192":0,"193":0,"194":0,"195":4,"196":0,"197":4,"198":0,"199":8,"200":1,"201":2,"202":2,"203":2,"204":8,"205":8,"206":2,"207":1,"208":2,"209":2,"210":1,"211":1,"212":10,"213":1,"214":10,"215":10,"216":10,"217":10,"218":8,"219":8,"220":0,"221":8,"222":2,"223":1},"f":{"0":1,"1":2,"2":6,"3":0,"4":6,"5":0,"6":0,"7":0,"8":46,"9":2,"10":8,"11":0,"12":3,"13":4,"14":2,"15":2,"16":2,"17":0,"18":0,"19":12,"20":0,"21":0,"22":0,"23":0,"24":0,"25":0,"26":4,"27":0,"28":4,"29":0,"30":8,"31":2,"32":2,"33":10,"34":10},"b":{"0":[4,2],"1":[0,0,0],"2":[0,0],"3":[0,6],"4":[6,0],"5":[0,0],"6":[0,0],"7":[0,0],"8":[4,2],"9":[0,2],"10":[46,0],"11":[0,46],"12":[4,42],"13":[0,0],"14":[0,0],"15":[0,0],"16":[0,0],"17":[0,0],"18":[0,0],"19":[0,0],"20":[0,0],"21":[0,0],"22":[0,0],"23":[46,0],"24":[0,0],"25":[0,8],"26":[8,0,0],"27":[0,8],"28":[8,8],"29":[0,8],"30":[0,0],"31":[0,0],"32":[0,0],"33":[4,4],"34":[4,4],"35":[0,2],"36":[0,0],"37":[0,0],"38":[0,0],"39":[2,0],"40":[0,0],"41":[0,0],"42":[0,0],"43":[0,0],"44":[0,4],"45":[8,8],"46":[2,0],"47":[2,2],"48":[10,10],"49":[8,2],"50":[1,0]},"_coverageSchema":"43e27e138ebf9cfc5966b082cf9a028302ed4184","hash":"f26a4bde9ea5a948a23ac3f7ee459c1fe24d354d"},"C:\\Users\\14434\\Desktop\\homework\\WebSec\\jsfuzz\\jsfuzz\\examples\\case1-simplified\\node_modules\\hogan.js\\lib\\template.js":{"path":"C:\\Users\\14434\\Desktop\\homework\\WebSec\\jsfuzz\\jsfuzz\\examples\\case1-simplified\\node_modules\\hogan.js\\lib\\template.js","statementMap":{"0":{"start":{"line":16,"column":12},"end":{"line":16,"column":14}},"1":{"start":{"line":18,"column":0},"end":{"line":341,"column":53}},"2":{"start":{"line":19,"column":2},"end":{"line":28,"column":3}},"3":{"start":{"line":20,"column":4},"end":{"line":20,"column":28}},"4":{"start":{"line":21,"column":4},"end":{"line":21,"column":36}},"5":{"start":{"line":22,"column":4},"end":{"line":22,"column":22}},"6":{"start":{"line":23,"column":4},"end":{"line":23,"column":33}},"7":{"start":{"line":24,"column":4},"end":{"line":24,"column":27}},"8":{"start":{"line":25,"column":4},"end":{"line":25,"column":43}},"9":{"start":{"line":26,"column":4},"end":{"line":26,"column":35}},"10":{"start":{"line":27,"column":4},"end":{"line":27,"column":18}},"11":{"start":{"line":30,"column":2},"end":{"line":261,"column":4}},"12":{"start":{"line":32,"column":46},"end":{"line":32,"column":56}},"13":{"start":{"line":41,"column":6},"end":{"line":41,"column":56}},"14":{"start":{"line":46,"column":6},"end":{"line":46,"column":47}},"15":{"start":{"line":51,"column":20},"end":{"line":51,"column":41}},"16":{"start":{"line":54,"column":21},"end":{"line":54,"column":43}},"17":{"start":{"line":55,"column":6},"end":{"line":57,"column":7}},"18":{"start":{"line":56,"column":8},"end":{"line":56,"column":32}},"19":{"start":{"line":59,"column":6},"end":{"line":64,"column":7}},"20":{"start":{"line":60,"column":8},"end":{"line":62,"column":9}},"21":{"start":{"line":61,"column":10},"end":{"line":61,"column":52}},"22":{"start":{"line":63,"column":8},"end":{"line":63,"column":58}},"23":{"start":{"line":66,"column":6},"end":{"line":68,"column":7}},"24":{"start":{"line":67,"column":8},"end":{"line":67,"column":20}},"25":{"start":{"line":71,"column":6},"end":{"line":71,"column":44}},"26":{"start":{"line":73,"column":6},"end":{"line":83,"column":7}},"27":{"start":{"line":75,"column":8},"end":{"line":75,"column":57}},"28":{"start":{"line":75,"column":33},"end":{"line":75,"column":57}},"29":{"start":{"line":76,"column":8},"end":{"line":80,"column":9}},"30":{"start":{"line":77,"column":10},"end":{"line":79,"column":11}},"31":{"start":{"line":78,"column":12},"end":{"line":78,"column":156}},"32":{"start":{"line":81,"column":8},"end":{"line":82,"column":66}},"33":{"start":{"line":84,"column":6},"end":{"line":84,"column":48}},"34":{"start":{"line":86,"column":6},"end":{"line":86,"column":22}},"35":{"start":{"line":91,"column":20},"end":{"line":91,"column":45}},"36":{"start":{"line":92,"column":6},"end":{"line":94,"column":7}},"37":{"start":{"line":93,"column":8},"end":{"line":93,"column":18}},"38":{"start":{"line":96,"column":6},"end":{"line":96,"column":51}},"39":{"start":{"line":101,"column":17},"end":{"line":101,"column":44}},"40":{"start":{"line":103,"column":6},"end":{"line":106,"column":7}},"41":{"start":{"line":104,"column":8},"end":{"line":104,"column":41}},"42":{"start":{"line":105,"column":8},"end":{"line":105,"column":15}},"43":{"start":{"line":108,"column":6},"end":{"line":112,"column":7}},"44":{"start":{"line":108,"column":19},"end":{"line":108,"column":20}},"45":{"start":{"line":109,"column":8},"end":{"line":109,"column":30}},"46":{"start":{"line":110,"column":8},"end":{"line":110,"column":41}},"47":{"start":{"line":111,"column":8},"end":{"line":111,"column":22}},"48":{"start":{"line":119,"column":6},"end":{"line":121,"column":7}},"49":{"start":{"line":120,"column":8},"end":{"line":120,"column":21}},"50":{"start":{"line":123,"column":6},"end":{"line":125,"column":7}},"51":{"start":{"line":124,"column":8},"end":{"line":124,"column":70}},"52":{"start":{"line":127,"column":6},"end":{"line":127,"column":19}},"53":{"start":{"line":129,"column":6},"end":{"line":131,"column":7}},"54":{"start":{"line":130,"column":8},"end":{"line":130,"column":71}},"55":{"start":{"line":133,"column":6},"end":{"line":133,"column":18}},"56":{"start":{"line":139,"column":18},"end":{"line":139,"column":32}},"57":{"start":{"line":140,"column":16},"end":{"line":140,"column":60}},"58":{"start":{"line":141,"column":23},"end":{"line":141,"column":44}},"59":{"start":{"line":142,"column":15},"end":{"line":142,"column":19}},"60":{"start":{"line":144,"column":6},"end":{"line":156,"column":7}},"61":{"start":{"line":145,"column":8},"end":{"line":145,"column":34}},"62":{"start":{"line":147,"column":8},"end":{"line":155,"column":9}},"63":{"start":{"line":147,"column":21},"end":{"line":147,"column":22}},"64":{"start":{"line":148,"column":10},"end":{"line":148,"column":57}},"65":{"start":{"line":149,"column":10},"end":{"line":154,"column":11}},"66":{"start":{"line":150,"column":12},"end":{"line":150,"column":21}},"67":{"start":{"line":151,"column":12},"end":{"line":151,"column":24}},"68":{"start":{"line":153,"column":12},"end":{"line":153,"column":21}},"69":{"start":{"line":158,"column":6},"end":{"line":160,"column":7}},"70":{"start":{"line":159,"column":8},"end":{"line":159,"column":21}},"71":{"start":{"line":162,"column":6},"end":{"line":166,"column":7}},"72":{"start":{"line":163,"column":8},"end":{"line":163,"column":21}},"73":{"start":{"line":164,"column":8},"end":{"line":164,"column":42}},"74":{"start":{"line":165,"column":8},"end":{"line":165,"column":18}},"75":{"start":{"line":168,"column":6},"end":{"line":168,"column":17}},"76":{"start":{"line":173,"column":16},"end":{"line":173,"column":21}},"77":{"start":{"line":174,"column":14},"end":{"line":174,"column":18}},"78":{"start":{"line":175,"column":18},"end":{"line":175,"column":23}},"79":{"start":{"line":176,"column":23},"end":{"line":176,"column":44}},"80":{"start":{"line":178,"column":6},"end":{"line":185,"column":7}},"81":{"start":{"line":178,"column":19},"end":{"line":178,"column":33}},"82":{"start":{"line":179,"column":8},"end":{"line":179,"column":19}},"83":{"start":{"line":180,"column":8},"end":{"line":180,"column":46}},"84":{"start":{"line":181,"column":8},"end":{"line":184,"column":9}},"85":{"start":{"line":182,"column":10},"end":{"line":182,"column":23}},"86":{"start":{"line":183,"column":10},"end":{"line":183,"column":16}},"87":{"start":{"line":187,"column":6},"end":{"line":189,"column":7}},"88":{"start":{"line":188,"column":8},"end":{"line":188,"column":42}},"89":{"start":{"line":191,"column":6},"end":{"line":193,"column":7}},"90":{"start":{"line":192,"column":8},"end":{"line":192,"column":42}},"91":{"start":{"line":195,"column":6},"end":{"line":195,"column":17}},"92":{"start":{"line":200,"column":20},"end":{"line":200,"column":43}},"93":{"start":{"line":202,"column":6},"end":{"line":202,"column":37}},"94":{"start":{"line":203,"column":6},"end":{"line":203,"column":73}},"95":{"start":{"line":204,"column":6},"end":{"line":204,"column":40}},"96":{"start":{"line":206,"column":6},"end":{"line":206,"column":19}},"97":{"start":{"line":211,"column":6},"end":{"line":213,"column":7}},"98":{"start":{"line":212,"column":8},"end":{"line":212,"column":53}},"99":{"start":{"line":214,"column":6},"end":{"line":214,"column":69}},"100":{"start":{"line":218,"column":21},"end":{"line":218,"column":35}},"101":{"start":{"line":220,"column":29},"end":{"line":220,"column":37}},"102":{"start":{"line":220,"column":39},"end":{"line":220,"column":53}},"103":{"start":{"line":220,"column":54},"end":{"line":220,"column":63}},"104":{"start":{"line":225,"column":15},"end":{"line":225,"column":34}},"105":{"start":{"line":226,"column":19},"end":{"line":226,"column":32}},"106":{"start":{"line":228,"column":6},"end":{"line":235,"column":7}},"107":{"start":{"line":229,"column":8},"end":{"line":234,"column":9}},"108":{"start":{"line":230,"column":10},"end":{"line":230,"column":22}},"109":{"start":{"line":232,"column":10},"end":{"line":232,"column":134}},"110":{"start":{"line":233,"column":10},"end":{"line":233,"column":87}},"111":{"start":{"line":237,"column":6},"end":{"line":237,"column":20}},"112":{"start":{"line":242,"column":15},"end":{"line":242,"column":34}},"113":{"start":{"line":243,"column":19},"end":{"line":243,"column":32}},"114":{"start":{"line":245,"column":6},"end":{"line":247,"column":7}},"115":{"start":{"line":246,"column":8},"end":{"line":246,"column":70}},"116":{"start":{"line":249,"column":6},"end":{"line":249,"column":20}},"117":{"start":{"line":253,"column":14},"end":{"line":253,"column":29}},"118":{"start":{"line":254,"column":6},"end":{"line":258,"column":7}},"119":{"start":{"line":255,"column":8},"end":{"line":255,"column":30}},"120":{"start":{"line":256,"column":8},"end":{"line":256,"column":43}},"121":{"start":{"line":257,"column":8},"end":{"line":257,"column":31}},"122":{"start":{"line":267,"column":4},"end":{"line":276,"column":5}},"123":{"start":{"line":269,"column":6},"end":{"line":275,"column":7}},"124":{"start":{"line":270,"column":8},"end":{"line":270,"column":25}},"125":{"start":{"line":273,"column":13},"end":{"line":275,"column":7}},"126":{"start":{"line":274,"column":8},"end":{"line":274,"column":29}},"127":{"start":{"line":278,"column":4},"end":{"line":278,"column":15}},"128":{"start":{"line":283,"column":4},"end":{"line":283,"column":41}},"129":{"start":{"line":285,"column":4},"end":{"line":285,"column":44}},"130":{"start":{"line":287,"column":18},"end":{"line":287,"column":39}},"131":{"start":{"line":288,"column":4},"end":{"line":288,"column":39}},"132":{"start":{"line":289,"column":4},"end":{"line":289,"column":26}},"133":{"start":{"line":290,"column":4},"end":{"line":290,"column":21}},"134":{"start":{"line":292,"column":4},"end":{"line":292,"column":32}},"135":{"start":{"line":293,"column":4},"end":{"line":293,"column":34}},"136":{"start":{"line":294,"column":4},"end":{"line":294,"column":33}},"137":{"start":{"line":295,"column":4},"end":{"line":297,"column":5}},"138":{"start":{"line":296,"column":6},"end":{"line":296,"column":54}},"139":{"start":{"line":296,"column":27},"end":{"line":296,"column":54}},"140":{"start":{"line":298,"column":4},"end":{"line":300,"column":5}},"141":{"start":{"line":299,"column":6},"end":{"line":299,"column":41}},"142":{"start":{"line":302,"column":4},"end":{"line":302,"column":40}},"143":{"start":{"line":303,"column":4},"end":{"line":303,"column":42}},"144":{"start":{"line":304,"column":4},"end":{"line":306,"column":5}},"145":{"start":{"line":305,"column":6},"end":{"line":305,"column":66}},"146":{"start":{"line":305,"column":31},"end":{"line":305,"column":66}},"147":{"start":{"line":307,"column":4},"end":{"line":309,"column":5}},"148":{"start":{"line":308,"column":6},"end":{"line":308,"column":49}},"149":{"start":{"line":311,"column":4},"end":{"line":311,"column":19}},"150":{"start":{"line":314,"column":13},"end":{"line":314,"column":17}},"151":{"start":{"line":315,"column":12},"end":{"line":315,"column":16}},"152":{"start":{"line":316,"column":12},"end":{"line":316,"column":16}},"153":{"start":{"line":317,"column":14},"end":{"line":317,"column":19}},"154":{"start":{"line":318,"column":14},"end":{"line":318,"column":19}},"155":{"start":{"line":319,"column":15},"end":{"line":319,"column":26}},"156":{"start":{"line":322,"column":4},"end":{"line":322,"column":66}},"157":{"start":{"line":326,"column":4},"end":{"line":326,"column":30}},"158":{"start":{"line":327,"column":4},"end":{"line":334,"column":10}},"159":{"start":{"line":337,"column":16},"end":{"line":339,"column":3}},"160":{"start":{"line":338,"column":4},"end":{"line":338,"column":66}}},"fnMap":{"0":{"name":"(anonymous_0)","decl":{"start":{"line":18,"column":1},"end":{"line":18,"column":2}},"loc":{"start":{"line":18,"column":18},"end":{"line":341,"column":1}},"line":18},"1":{"name":"(anonymous_1)","decl":{"start":{"line":19,"column":19},"end":{"line":19,"column":20}},"loc":{"start":{"line":19,"column":63},"end":{"line":28,"column":3}},"line":19},"2":{"name":"(anonymous_2)","decl":{"start":{"line":32,"column":7},"end":{"line":32,"column":8}},"loc":{"start":{"line":32,"column":44},"end":{"line":32,"column":58}},"line":32},"3":{"name":"render","decl":{"start":{"line":40,"column":21},"end":{"line":40,"column":27}},"loc":{"start":{"line":40,"column":55},"end":{"line":42,"column":5}},"line":40},"4":{"name":"(anonymous_4)","decl":{"start":{"line":45,"column":8},"end":{"line":45,"column":9}},"loc":{"start":{"line":45,"column":45},"end":{"line":47,"column":5}},"line":45},"5":{"name":"(anonymous_5)","decl":{"start":{"line":50,"column":8},"end":{"line":50,"column":9}},"loc":{"start":{"line":50,"column":35},"end":{"line":87,"column":5}},"line":50},"6":{"name":"(anonymous_6)","decl":{"start":{"line":90,"column":8},"end":{"line":90,"column":9}},"loc":{"start":{"line":90,"column":52},"end":{"line":97,"column":5}},"line":90},"7":{"name":"(anonymous_7)","decl":{"start":{"line":100,"column":8},"end":{"line":100,"column":9}},"loc":{"start":{"line":100,"column":45},"end":{"line":113,"column":5}},"line":100},"8":{"name":"(anonymous_8)","decl":{"start":{"line":116,"column":7},"end":{"line":116,"column":8}},"loc":{"start":{"line":116,"column":64},"end":{"line":134,"column":5}},"line":116},"9":{"name":"(anonymous_9)","decl":{"start":{"line":137,"column":7},"end":{"line":137,"column":8}},"loc":{"start":{"line":137,"column":49},"end":{"line":169,"column":5}},"line":137},"10":{"name":"(anonymous_10)","decl":{"start":{"line":172,"column":7},"end":{"line":172,"column":8}},"loc":{"start":{"line":172,"column":49},"end":{"line":196,"column":5}},"line":172},"11":{"name":"(anonymous_11)","decl":{"start":{"line":199,"column":8},"end":{"line":199,"column":9}},"loc":{"start":{"line":199,"column":49},"end":{"line":207,"column":5}},"line":199},"12":{"name":"(anonymous_12)","decl":{"start":{"line":210,"column":8},"end":{"line":210,"column":9}},"loc":{"start":{"line":210,"column":37},"end":{"line":215,"column":5}},"line":210},"13":{"name":"(anonymous_13)","decl":{"start":{"line":218,"column":7},"end":{"line":218,"column":8}},"loc":{"start":{"line":218,"column":19},"end":{"line":218,"column":37}},"line":218},"14":{"name":"(anonymous_14)","decl":{"start":{"line":220,"column":8},"end":{"line":220,"column":9}},"loc":{"start":{"line":220,"column":19},"end":{"line":220,"column":65}},"line":220},"15":{"name":"(anonymous_15)","decl":{"start":{"line":223,"column":8},"end":{"line":223,"column":9}},"loc":{"start":{"line":223,"column":66},"end":{"line":238,"column":5}},"line":223},"16":{"name":"(anonymous_16)","decl":{"start":{"line":241,"column":8},"end":{"line":241,"column":9}},"loc":{"start":{"line":241,"column":38},"end":{"line":250,"column":5}},"line":241},"17":{"name":"(anonymous_17)","decl":{"start":{"line":252,"column":9},"end":{"line":252,"column":10}},"loc":{"start":{"line":252,"column":51},"end":{"line":259,"column":5}},"line":252},"18":{"name":"findInScope","decl":{"start":{"line":264,"column":11},"end":{"line":264,"column":22}},"loc":{"start":{"line":264,"column":47},"end":{"line":279,"column":3}},"line":264},"19":{"name":"createSpecializedPartial","decl":{"start":{"line":281,"column":11},"end":{"line":281,"column":35}},"loc":{"start":{"line":281,"column":99},"end":{"line":312,"column":3}},"line":281},"20":{"name":"PartialTemplate","decl":{"start":{"line":282,"column":13},"end":{"line":282,"column":28}},"loc":{"start":{"line":282,"column":31},"end":{"line":282,"column":33}},"line":282},"21":{"name":"Substitutions","decl":{"start":{"line":284,"column":13},"end":{"line":284,"column":26}},"loc":{"start":{"line":284,"column":29},"end":{"line":284,"column":31}},"line":284},"22":{"name":"coerceToString","decl":{"start":{"line":321,"column":11},"end":{"line":321,"column":25}},"loc":{"start":{"line":321,"column":31},"end":{"line":323,"column":3}},"line":321},"23":{"name":"hoganEscape","decl":{"start":{"line":325,"column":11},"end":{"line":325,"column":22}},"loc":{"start":{"line":325,"column":28},"end":{"line":335,"column":3}},"line":325},"24":{"name":"(anonymous_24)","decl":{"start":{"line":337,"column":33},"end":{"line":337,"column":34}},"loc":{"start":{"line":337,"column":45},"end":{"line":339,"column":3}},"line":337}},"branchMap":{"0":{"loc":{"start":{"line":20,"column":14},"end":{"line":20,"column":27}},"type":"binary-expr","locations":[{"start":{"line":20,"column":14},"end":{"line":20,"column":21}},{"start":{"line":20,"column":25},"end":{"line":20,"column":27}}],"line":20},"1":{"loc":{"start":{"line":21,"column":13},"end":{"line":21,"column":35}},"type":"binary-expr","locations":[{"start":{"line":21,"column":13},"end":{"line":21,"column":25}},{"start":{"line":21,"column":29},"end":{"line":21,"column":35}}],"line":21},"2":{"loc":{"start":{"line":23,"column":19},"end":{"line":23,"column":32}},"type":"binary-expr","locations":[{"start":{"line":23,"column":19},"end":{"line":23,"column":26}},{"start":{"line":23,"column":30},"end":{"line":23,"column":32}}],"line":23},"3":{"loc":{"start":{"line":24,"column":16},"end":{"line":24,"column":26}},"type":"binary-expr","locations":[{"start":{"line":24,"column":16},"end":{"line":24,"column":20}},{"start":{"line":24,"column":24},"end":{"line":24,"column":26}}],"line":24},"4":{"loc":{"start":{"line":25,"column":20},"end":{"line":25,"column":42}},"type":"binary-expr","locations":[{"start":{"line":25,"column":20},"end":{"line":25,"column":36}},{"start":{"line":25,"column":40},"end":{"line":25,"column":42}}],"line":25},"5":{"loc":{"start":{"line":26,"column":16},"end":{"line":26,"column":34}},"type":"binary-expr","locations":[{"start":{"line":26,"column":16},"end":{"line":26,"column":28}},{"start":{"line":26,"column":32},"end":{"line":26,"column":34}}],"line":26},"6":{"loc":{"start":{"line":41,"column":32},"end":{"line":41,"column":46}},"type":"binary-expr","locations":[{"start":{"line":41,"column":32},"end":{"line":41,"column":40}},{"start":{"line":41,"column":44},"end":{"line":41,"column":46}}],"line":41},"7":{"loc":{"start":{"line":55,"column":6},"end":{"line":57,"column":7}},"type":"if","locations":[{"start":{"line":55,"column":6},"end":{"line":57,"column":7}},{"start":{"line":55,"column":6},"end":{"line":57,"column":7}}],"line":55},"8":{"loc":{"start":{"line":55,"column":10},"end":{"line":55,"column":54}},"type":"binary-expr","locations":[{"start":{"line":55,"column":10},"end":{"line":55,"column":26}},{"start":{"line":55,"column":30},"end":{"line":55,"column":54}}],"line":55},"9":{"loc":{"start":{"line":59,"column":6},"end":{"line":64,"column":7}},"type":"if","locations":[{"start":{"line":59,"column":6},"end":{"line":64,"column":7}},{"start":{"line":59,"column":6},"end":{"line":64,"column":7}}],"line":59},"10":{"loc":{"start":{"line":60,"column":8},"end":{"line":62,"column":9}},"type":"if","locations":[{"start":{"line":60,"column":8},"end":{"line":62,"column":9}},{"start":{"line":60,"column":8},"end":{"line":62,"column":9}}],"line":60},"11":{"loc":{"start":{"line":66,"column":6},"end":{"line":68,"column":7}},"type":"if","locations":[{"start":{"line":66,"column":6},"end":{"line":68,"column":7}},{"start":{"line":66,"column":6},"end":{"line":68,"column":7}}],"line":66},"12":{"loc":{"start":{"line":73,"column":6},"end":{"line":83,"column":7}},"type":"if","locations":[{"start":{"line":73,"column":6},"end":{"line":83,"column":7}},{"start":{"line":73,"column":6},"end":{"line":83,"column":7}}],"line":73},"13":{"loc":{"start":{"line":75,"column":8},"end":{"line":75,"column":57}},"type":"if","locations":[{"start":{"line":75,"column":8},"end":{"line":75,"column":57}},{"start":{"line":75,"column":8},"end":{"line":75,"column":57}}],"line":75},"14":{"loc":{"start":{"line":77,"column":10},"end":{"line":79,"column":11}},"type":"if","locations":[{"start":{"line":77,"column":10},"end":{"line":79,"column":11}},{"start":{"line":77,"column":10},"end":{"line":79,"column":11}}],"line":77},"15":{"loc":{"start":{"line":78,"column":38},"end":{"line":78,"column":155}},"type":"cond-expr","locations":[{"start":{"line":78,"column":109},"end":{"line":78,"column":143}},{"start":{"line":78,"column":146},"end":{"line":78,"column":155}}],"line":78},"16":{"loc":{"start":{"line":78,"column":39},"end":{"line":78,"column":105}},"type":"binary-expr","locations":[{"start":{"line":78,"column":39},"end":{"line":78,"column":67}},{"start":{"line":78,"column":71},"end":{"line":78,"column":105}}],"line":78},"17":{"loc":{"start":{"line":92,"column":6},"end":{"line":94,"column":7}},"type":"if","locations":[{"start":{"line":92,"column":6},"end":{"line":94,"column":7}},{"start":{"line":92,"column":6},"end":{"line":94,"column":7}}],"line":92},"18":{"loc":{"start":{"line":103,"column":6},"end":{"line":106,"column":7}},"type":"if","locations":[{"start":{"line":103,"column":6},"end":{"line":106,"column":7}},{"start":{"line":103,"column":6},"end":{"line":106,"column":7}}],"line":103},"19":{"loc":{"start":{"line":119,"column":6},"end":{"line":121,"column":7}},"type":"if","locations":[{"start":{"line":119,"column":6},"end":{"line":121,"column":7}},{"start":{"line":119,"column":6},"end":{"line":121,"column":7}}],"line":119},"20":{"loc":{"start":{"line":119,"column":10},"end":{"line":119,"column":42}},"type":"binary-expr","locations":[{"start":{"line":119,"column":10},"end":{"line":119,"column":22}},{"start":{"line":119,"column":26},"end":{"line":119,"column":42}}],"line":119},"21":{"loc":{"start":{"line":123,"column":6},"end":{"line":125,"column":7}},"type":"if","locations":[{"start":{"line":123,"column":6},"end":{"line":125,"column":7}},{"start":{"line":123,"column":6},"end":{"line":125,"column":7}}],"line":123},"22":{"loc":{"start":{"line":129,"column":6},"end":{"line":131,"column":7}},"type":"if","locations":[{"start":{"line":129,"column":6},"end":{"line":131,"column":7}},{"start":{"line":129,"column":6},"end":{"line":131,"column":7}}],"line":129},"23":{"loc":{"start":{"line":129,"column":10},"end":{"line":129,"column":34}},"type":"binary-expr","locations":[{"start":{"line":129,"column":10},"end":{"line":129,"column":19}},{"start":{"line":129,"column":23},"end":{"line":129,"column":27}},{"start":{"line":129,"column":31},"end":{"line":129,"column":34}}],"line":129},"24":{"loc":{"start":{"line":130,"column":17},"end":{"line":130,"column":69}},"type":"cond-expr","locations":[{"start":{"line":130,"column":44},"end":{"line":130,"column":47}},{"start":{"line":130,"column":50},"end":{"line":130,"column":69}}],"line":130},"25":{"loc":{"start":{"line":144,"column":6},"end":{"line":156,"column":7}},"type":"if","locations":[{"start":{"line":144,"column":6},"end":{"line":156,"column":7}},{"start":{"line":144,"column":6},"end":{"line":156,"column":7}}],"line":144},"26":{"loc":{"start":{"line":144,"column":10},"end":{"line":144,"column":53}},"type":"binary-expr","locations":[{"start":{"line":144,"column":10},"end":{"line":144,"column":21}},{"start":{"line":144,"column":25},"end":{"line":144,"column":53}}],"line":144},"27":{"loc":{"start":{"line":149,"column":10},"end":{"line":154,"column":11}},"type":"if","locations":[{"start":{"line":149,"column":10},"end":{"line":154,"column":11}},{"start":{"line":149,"column":10},"end":{"line":154,"column":11}}],"line":149},"28":{"loc":{"start":{"line":158,"column":6},"end":{"line":160,"column":7}},"type":"if","locations":[{"start":{"line":158,"column":6},"end":{"line":160,"column":7}},{"start":{"line":158,"column":6},"end":{"line":160,"column":7}}],"line":158},"29":{"loc":{"start":{"line":158,"column":10},"end":{"line":158,"column":29}},"type":"binary-expr","locations":[{"start":{"line":158,"column":10},"end":{"line":158,"column":21}},{"start":{"line":158,"column":25},"end":{"line":158,"column":29}}],"line":158},"30":{"loc":{"start":{"line":162,"column":6},"end":{"line":166,"column":7}},"type":"if","locations":[{"start":{"line":162,"column":6},"end":{"line":166,"column":7}},{"start":{"line":162,"column":6},"end":{"line":166,"column":7}}],"line":162},"31":{"loc":{"start":{"line":162,"column":10},"end":{"line":162,"column":50}},"type":"binary-expr","locations":[{"start":{"line":162,"column":10},"end":{"line":162,"column":22}},{"start":{"line":162,"column":26},"end":{"line":162,"column":50}}],"line":162},"32":{"loc":{"start":{"line":181,"column":8},"end":{"line":184,"column":9}},"type":"if","locations":[{"start":{"line":181,"column":8},"end":{"line":184,"column":9}},{"start":{"line":181,"column":8},"end":{"line":184,"column":9}}],"line":181},"33":{"loc":{"start":{"line":187,"column":6},"end":{"line":189,"column":7}},"type":"if","locations":[{"start":{"line":187,"column":6},"end":{"line":189,"column":7}},{"start":{"line":187,"column":6},"end":{"line":189,"column":7}}],"line":187},"34":{"loc":{"start":{"line":188,"column":15},"end":{"line":188,"column":41}},"type":"cond-expr","locations":[{"start":{"line":188,"column":31},"end":{"line":188,"column":36}},{"start":{"line":188,"column":39},"end":{"line":188,"column":41}}],"line":188},"35":{"loc":{"start":{"line":191,"column":6},"end":{"line":193,"column":7}},"type":"if","locations":[{"start":{"line":191,"column":6},"end":{"line":193,"column":7}},{"start":{"line":191,"column":6},"end":{"line":193,"column":7}}],"line":191},"36":{"loc":{"start":{"line":191,"column":10},"end":{"line":191,"column":50}},"type":"binary-expr","locations":[{"start":{"line":191,"column":10},"end":{"line":191,"column":22}},{"start":{"line":191,"column":26},"end":{"line":191,"column":50}}],"line":191},"37":{"loc":{"start":{"line":211,"column":6},"end":{"line":213,"column":7}},"type":"if","locations":[{"start":{"line":211,"column":6},"end":{"line":213,"column":7}},{"start":{"line":211,"column":6},"end":{"line":213,"column":7}}],"line":211},"38":{"loc":{"start":{"line":228,"column":6},"end":{"line":235,"column":7}},"type":"if","locations":[{"start":{"line":228,"column":6},"end":{"line":235,"column":7}},{"start":{"line":228,"column":6},"end":{"line":235,"column":7}}],"line":228},"39":{"loc":{"start":{"line":229,"column":8},"end":{"line":234,"column":9}},"type":"if","locations":[{"start":{"line":229,"column":8},"end":{"line":234,"column":9}},{"start":{"line":229,"column":8},"end":{"line":234,"column":9}}],"line":229},"40":{"loc":{"start":{"line":232,"column":23},"end":{"line":232,"column":133}},"type":"cond-expr","locations":[{"start":{"line":232,"column":92},"end":{"line":232,"column":121}},{"start":{"line":232,"column":124},"end":{"line":232,"column":133}}],"line":232},"41":{"loc":{"start":{"line":232,"column":24},"end":{"line":232,"column":88}},"type":"binary-expr","locations":[{"start":{"line":232,"column":24},"end":{"line":232,"column":38}},{"start":{"line":232,"column":42},"end":{"line":232,"column":55}},{"start":{"line":232,"column":59},"end":{"line":232,"column":88}}],"line":232},"42":{"loc":{"start":{"line":245,"column":6},"end":{"line":247,"column":7}},"type":"if","locations":[{"start":{"line":245,"column":6},"end":{"line":247,"column":7}},{"start":{"line":245,"column":6},"end":{"line":247,"column":7}}],"line":245},"43":{"loc":{"start":{"line":254,"column":6},"end":{"line":258,"column":7}},"type":"if","locations":[{"start":{"line":254,"column":6},"end":{"line":258,"column":7}},{"start":{"line":254,"column":6},"end":{"line":258,"column":7}}],"line":254},"44":{"loc":{"start":{"line":267,"column":4},"end":{"line":276,"column":5}},"type":"if","locations":[{"start":{"line":267,"column":4},"end":{"line":276,"column":5}},{"start":{"line":267,"column":4},"end":{"line":276,"column":5}}],"line":267},"45":{"loc":{"start":{"line":267,"column":8},"end":{"line":267,"column":41}},"type":"binary-expr","locations":[{"start":{"line":267,"column":8},"end":{"line":267,"column":13}},{"start":{"line":267,"column":17},"end":{"line":267,"column":41}}],"line":267},"46":{"loc":{"start":{"line":269,"column":6},"end":{"line":275,"column":7}},"type":"if","locations":[{"start":{"line":269,"column":6},"end":{"line":275,"column":7}},{"start":{"line":269,"column":6},"end":{"line":275,"column":7}}],"line":269},"47":{"loc":{"start":{"line":273,"column":13},"end":{"line":275,"column":7}},"type":"if","locations":[{"start":{"line":273,"column":13},"end":{"line":275,"column":7}},{"start":{"line":273,"column":13},"end":{"line":275,"column":7}}],"line":273},"48":{"loc":{"start":{"line":273,"column":17},"end":{"line":273,"column":74}},"type":"binary-expr","locations":[{"start":{"line":273,"column":17},"end":{"line":273,"column":27}},{"start":{"line":273,"column":31},"end":{"line":273,"column":40}},{"start":{"line":273,"column":44},"end":{"line":273,"column":74}}],"line":273},"49":{"loc":{"start":{"line":292,"column":16},"end":{"line":292,"column":31}},"type":"binary-expr","locations":[{"start":{"line":292,"column":16},"end":{"line":292,"column":25}},{"start":{"line":292,"column":29},"end":{"line":292,"column":31}}],"line":292},"50":{"loc":{"start":{"line":296,"column":6},"end":{"line":296,"column":54}},"type":"if","locations":[{"start":{"line":296,"column":6},"end":{"line":296,"column":54}},{"start":{"line":296,"column":6},"end":{"line":296,"column":54}}],"line":296},"51":{"loc":{"start":{"line":302,"column":20},"end":{"line":302,"column":39}},"type":"binary-expr","locations":[{"start":{"line":302,"column":20},"end":{"line":302,"column":33}},{"start":{"line":302,"column":37},"end":{"line":302,"column":39}}],"line":302},"52":{"loc":{"start":{"line":305,"column":6},"end":{"line":305,"column":66}},"type":"if","locations":[{"start":{"line":305,"column":6},"end":{"line":305,"column":66}},{"start":{"line":305,"column":6},"end":{"line":305,"column":66}}],"line":305},"53":{"loc":{"start":{"line":322,"column":18},"end":{"line":322,"column":64}},"type":"cond-expr","locations":[{"start":{"line":322,"column":56},"end":{"line":322,"column":58}},{"start":{"line":322,"column":61},"end":{"line":322,"column":64}}],"line":322},"54":{"loc":{"start":{"line":322,"column":19},"end":{"line":322,"column":52}},"type":"binary-expr","locations":[{"start":{"line":322,"column":19},"end":{"line":322,"column":31}},{"start":{"line":322,"column":35},"end":{"line":322,"column":52}}],"line":322},"55":{"loc":{"start":{"line":327,"column":11},"end":{"line":334,"column":9}},"type":"cond-expr","locations":[{"start":{"line":328,"column":6},"end":{"line":333,"column":33}},{"start":{"line":334,"column":6},"end":{"line":334,"column":9}}],"line":327},"56":{"loc":{"start":{"line":337,"column":16},"end":{"line":339,"column":3}},"type":"binary-expr","locations":[{"start":{"line":337,"column":16},"end":{"line":337,"column":29}},{"start":{"line":337,"column":33},"end":{"line":339,"column":3}}],"line":337},"57":{"loc":{"start":{"line":341,"column":3},"end":{"line":341,"column":51}},"type":"cond-expr","locations":[{"start":{"line":341,"column":36},"end":{"line":341,"column":43}},{"start":{"line":341,"column":46},"end":{"line":341,"column":51}}],"line":341}},"s":{"0":1,"1":1,"2":1,"3":0,"4":0,"5":0,"6":0,"7":0,"8":0,"9":0,"10":0,"11":1,"12":0,"13":0,"14":0,"15":0,"16":0,"17":0,"18":0,"19":0,"20":0,"21":0,"22":0,"23":0,"24":0,"25":0,"26":0,"27":0,"28":0,"29":0,"30":0,"31":0,"32":0,"33":0,"34":0,"35":0,"36":0,"37":0,"38":0,"39":0,"40":0,"41":0,"42":0,"43":0,"44":0,"45":0,"46":0,"47":0,"48":0,"49":0,"50":0,"51":0,"52":0,"53":0,"54":0,"55":0,"56":0,"57":0,"58":0,"59":0,"60":0,"61":0,"62":0,"63":0,"64":0,"65":0,"66":0,"67":0,"68":0,"69":0,"70":0,"71":0,"72":0,"73":0,"74":0,"75":0,"76":0,"77":0,"78":0,"79":0,"80":0,"81":0,"82":0,"83":0,"84":0,"85":0,"86":0,"87":0,"88":0,"89":0,"90":0,"91":0,"92":0,"93":0,"94":0,"95":0,"96":0,"97":0,"98":0,"99":0,"100":0,"101":0,"102":0,"103":0,"104":0,"105":0,"106":0,"107":0,"108":0,"109":0,"110":0,"111":0,"112":0,"113":0,"114":0,"115":0,"116":0,"117":0,"118":0,"119":0,"120":0,"121":0,"122":0,"123":0,"124":0,"125":0,"126":0,"127":0,"128":0,"129":0,"130":0,"131":0,"132":0,"133":0,"134":0,"135":0,"136":0,"137":0,"138":0,"139":0,"140":0,"141":0,"142":0,"143":0,"144":0,"145":0,"146":0,"147":0,"148":0,"149":0,"150":1,"151":1,"152":1,"153":1,"154":1,"155":1,"156":0,"157":0,"158":0,"159":1,"160":0},"f":{"0":1,"1":0,"2":0,"3":0,"4":0,"5":0,"6":0,"7":0,"8":0,"9":0,"10":0,"11":0,"12":0,"13":0,"14":0,"15":0,"16":0,"17":0,"18":0,"19":0,"20":0,"21":0,"22":0,"23":0,"24":0},"b":{"0":[0,0],"1":[0,0],"2":[0,0],"3":[0,0],"4":[0,0],"5":[0,0],"6":[0,0],"7":[0,0],"8":[0,0],"9":[0,0],"10":[0,0],"11":[0,0],"12":[0,0],"13":[0,0],"14":[0,0],"15":[0,0],"16":[0,0],"17":[0,0],"18":[0,0],"19":[0,0],"20":[0,0],"21":[0,0],"22":[0,0],"23":[0,0,0],"24":[0,0],"25":[0,0],"26":[0,0],"27":[0,0],"28":[0,0],"29":[0,0],"30":[0,0],"31":[0,0],"32":[0,0],"33":[0,0],"34":[0,0],"35":[0,0],"36":[0,0],"37":[0,0],"38":[0,0],"39":[0,0],"40":[0,0],"41":[0,0,0],"42":[0,0],"43":[0,0],"44":[0,0],"45":[0,0],"46":[0,0],"47":[0,0],"48":[0,0,0],"49":[0,0],"50":[0,0],"51":[0,0],"52":[0,0],"53":[0,0],"54":[0,0],"55":[0,0],"56":[1,0],"57":[1,0]},"_coverageSchema":"43e27e138ebf9cfc5966b082cf9a028302ed4184","hash":"86ba963cd8113e7372ec75dafed71563e9938300"}}